<?xml version="1.0" encoding="UTF-8"?>
<!-- Generated by org.testng.reporters.JUnitReportReporter -->
<testsuite hostname="DESKTOP-L5PDJBK" failures="0" tests="1" name="Academy.E2EFrameworkProject.LinksValidation" time="0.399" errors="0" timestamp="2021-02-15T11:25:11 IST" skipped="0">
  <testcase classname="Academy.E2EFrameworkProject.LinksValidation" name="getText" time="0.399"/>
  <system-out/>
</testsuite> <!-- Academy.E2EFrameworkProject.LinksValidation -->
