<?xml version="1.0" encoding="UTF-8"?>
<!-- Generated by org.testng.reporters.JUnitReportReporter -->
<testsuite hostname="DESKTOP-L5PDJBK" failures="0" tests="2" name="Academy.E2EFrameworkProject.HomePage" time="7.380" errors="0" timestamp="2021-02-15T11:25:11 IST" skipped="0">
  <testcase classname="Academy.E2EFrameworkProject.HomePage" name="basePageNavigation" time="2.076"/>
  <system-out/>
  <testcase classname="Academy.E2EFrameworkProject.HomePage" name="basePageNavigation" time="5.304"/>
  <system-out/>
</testsuite> <!-- Academy.E2EFrameworkProject.HomePage -->
